error: Label: Aug-25-2023 09:28:02: Hello, Winston logger, some info!
error: Label: Aug-25-2023 09:28:22: Hello, Winston logger, some info!
error: Label: Aug-25-2023 09:28:24: Hello, Winston logger, some info!
error: Label: Aug-25-2023 09:29:22: Hello, Winston logger, some info!
info: Label: Aug-25-2023 09:34:31: [GET] /logout?
info: Label: Aug-25-2023 09:34:31: [GET] /
info: Label: Aug-25-2023 09:34:32: [POST] /
info: Label: Aug-25-2023 09:34:32: [GET] /ihale-bilgileri/1
info: Label: Aug-25-2023 09:34:35: [GET] /info?
info: Label: Aug-25-2023 09:34:37: [GET] /logout?
info: Label: Aug-25-2023 09:34:37: [GET] /
info: Label: Aug-25-2023 09:39:48: [POST] /
info: Label: Aug-25-2023 09:39:48: [GET] /ihale-bilgileri/1
info: Label: Aug-25-2023 09:40:13: [GET] /logout?
info: Label: Aug-25-2023 09:40:13: [GET] /
info: Label: Aug-25-2023 09:40:24: [GET] /logout?
info: Label: Aug-25-2023 09:40:24: [GET] /
info: Label: Aug-25-2023 09:41:39: [POST] /
info: Label: Aug-25-2023 09:42:05: [GET] /
info: Label: Aug-25-2023 09:42:06: [POST] /
info: Label: Aug-25-2023 09:42:33: [GET] /
info: Label: Aug-25-2023 09:42:34: [POST] /
info: Label: Aug-25-2023 09:43:18: [POST] /
info: Label: Aug-25-2023 09:45:15: [GET] /
info: Label: Aug-25-2023 09:49:22: [GET] /logout?
info: Label: Aug-25-2023 09:49:22: [GET] /
info: Label: Aug-25-2023 09:49:23: [POST] /
info: Label: Aug-25-2023 09:50:23: [GET] /
info: Label: Aug-25-2023 09:50:24: [POST] /
info: Label: Aug-25-2023 09:50:24: [undefined] undefined
info: Label: Aug-25-2023 09:55:20: [POST] /
info: Label: Aug-25-2023 09:55:20: [undefined] undefined
info: Label: Aug-25-2023 09:55:31: [POST] /
info: Label: Aug-25-2023 09:55:31: [undefined] undefined
info: Label: Aug-25-2023 09:55:50: [GET] /logout?
info: Label: Aug-25-2023 09:55:51: [GET] /
info: Label: Aug-25-2023 09:55:52: [POST] /
info: Label: Aug-25-2023 09:55:52: [undefined] undefined
info: Label: Aug-25-2023 09:56:16: [POST] /
info: Label: Aug-25-2023 09:56:16: [undefined] undefined
info: Label: Aug-25-2023 09:56:53: [undefined] undefined
info: Label: Aug-25-2023 09:59:28: [POST] /
info: Label: Aug-25-2023 09:59:28: [undefined] undefined
info: Label: Aug-25-2023 10:01:21: [GET] /
info: Label: Aug-25-2023 10:01:22: [POST] /
info: Label: Aug-25-2023 10:01:40: [POST] /
info: Label: Aug-25-2023 10:03:26: [POST] /
info: Label: Aug-25-2023 10:03:26: [GET] /ihale-bilgileri/1
info: Label: Aug-25-2023 10:04:00: [GET] /register?
info: Label: Aug-25-2023 10:04:54: [GET] /logout? undefined
info: Label: Aug-25-2023 10:04:54: [GET] / undefined
info: Label: Aug-25-2023 10:05:07: [POST] / undefined
info: Label: Aug-25-2023 10:05:07: [GET] /ihale-bilgileri/1 undefined
info: Label: Aug-25-2023 10:05:56: [GET] /info?
info: Label: Aug-25-2023 10:05:59: [GET] /logout?
info: Label: Aug-25-2023 10:05:59: [GET] /
info: Label: Aug-25-2023 10:10:23: [POST] /
info: Label: Aug-25-2023 10:10:23: [GET] /ihale-bilgileri/1
info: Label: Aug-25-2023 10:10:41: [GET] /logout?
info: Label: Aug-25-2023 10:10:41: [GET] /
info: Label: Aug-25-2023 10:16:01: [GET] /
info: Label: Aug-25-2023 10:16:03: [POST] /
info: Label: Aug-25-2023 10:16:57: [POST] /
info: Label: Aug-25-2023 10:17:34: [POST] /
info: Label: Aug-25-2023 10:18:39: [POST] /
info: Label: Aug-25-2023 10:21:24: [POST] / -- Kullanıcı: MİSAFİR
info: Label: Aug-25-2023 10:21:24: [GET] /ihale-bilgileri/1 -- Kullanıcı: MİSAFİR
info: Label: Aug-25-2023 10:21:50: [GET] /info? -- Kullanıcı: MİSAFİR
info: Label: Aug-25-2023 10:22:03: [GET] /logout? -- Kullanıcı: MİSAFİR
info: Label: Aug-25-2023 10:22:03: [GET] / -- Kullanıcı: MİSAFİR
info: Label: Aug-25-2023 10:22:20: [POST] / -- Kullanıcı: MİSAFİR
info: Label: Aug-25-2023 10:22:20: [GET] /ihale-bilgileri/1 -- Kullanıcı: MİSAFİR
info: Label: Aug-25-2023 10:22:26: [GET] /info? -- Kullanıcı: MİSAFİR
info: Label: Aug-25-2023 10:22:29: [GET] /logout? -- Kullanıcı: MİSAFİR
info: Label: Aug-25-2023 10:22:29: [GET] / -- Kullanıcı: MİSAFİR
info: Label: Aug-25-2023 10:28:08: [POST] / -- Kullanıcı: MİSAFİR
info: Label: Aug-25-2023 10:28:08: [GET] /ihale-bilgileri/1 -- Kullanıcı: MİSAFİR
info: Label: Aug-25-2023 10:28:08: [GET] /apple-touch-icon-precomposed.png -- Kullanıcı: MİSAFİR
info: Label: Aug-25-2023 10:28:08: [GET] /apple-touch-icon.png -- Kullanıcı: MİSAFİR
info: Label: Aug-25-2023 10:28:41: [GET] /info? -- Kullanıcı: MİSAFİR
info: Label: Aug-25-2023 10:28:53: [GET] /info? -- Kullanıcı: MİSAFİR
info: Label: Aug-25-2023 10:28:55: [GET] /logout? -- Kullanıcı: MİSAFİR
info: Label: Aug-25-2023 10:28:55: [GET] / -- Kullanıcı: MİSAFİR
info: Label: Aug-25-2023 10:28:56: [POST] / -- Kullanıcı: MİSAFİR
info: Label: Aug-25-2023 10:28:56: [GET] /ihale-bilgileri/1 -- Kullanıcı: MİSAFİR
info: Label: Aug-25-2023 10:28:59: [GET] /register? -- Kullanıcı: MİSAFİR
info: Label: Aug-25-2023 10:30:13: [GET] /logout? -- Kullanıcı: MİSAFİR
info: Label: Aug-25-2023 10:30:13: [GET] / -- Kullanıcı: MİSAFİR
info: Label: Aug-25-2023 10:30:16: [POST] / -- Kullanıcı: MİSAFİR
info: Label: Aug-25-2023 10:30:16: [GET] /ihale-bilgileri/1 -- Kullanıcı: memo
info: Label: Aug-25-2023 10:31:01: [GET] /logout? -- Kullanıcı: BİLİNMEYEN KULLANICI
info: Label: Aug-25-2023 10:31:01: [GET] / -- Kullanıcı: BİLİNMEYEN KULLANICI
info: Label: Aug-25-2023 10:31:02: [POST] / -- Kullanıcı: BİLİNMEYEN KULLANICI
info: Label: Aug-25-2023 10:31:02: [GET] / -- Kullanıcı: BİLİNMEYEN KULLANICI
info: Label: Aug-25-2023 10:31:06: [POST] / -- Kullanıcı: BİLİNMEYEN KULLANICI
info: Label: Aug-25-2023 10:31:07: [GET] / -- Kullanıcı: BİLİNMEYEN KULLANICI
info: Label: Aug-25-2023 10:31:10: [POST] / -- Kullanıcı: BİLİNMEYEN KULLANICI
info: Label: Aug-25-2023 10:31:10: [GET] / -- Kullanıcı: BİLİNMEYEN KULLANICI
info: Label: Aug-25-2023 10:31:20: [POST] / -- Kullanıcı: BİLİNMEYEN KULLANICI
info: Label: Aug-25-2023 10:31:20: [GET] / -- Kullanıcı: memo1
info: Label: Aug-25-2023 10:32:19: [POST] / -- Kullanıcı: BİLİNMEYEN KULLANICI
info: Label: Aug-25-2023 10:33:27: [GET] / -- Kullanıcı: BİLİNMEYEN KULLANICI
info: Label: Aug-25-2023 10:33:34: [GET] / -- Kullanıcı: BİLİNMEYEN KULLANICI
info: Label: Aug-25-2023 10:37:07: [POST] / -- Kullanıcı: BİLİNMEYEN KULLANICI
info: Label: Aug-25-2023 10:41:51: [POST] / -- Kullanıcı: BİLİNMEYEN KULLANICI
info: Label: Aug-25-2023 10:41:51: [GET] /ihale-bilgileri/1 -- Kullanıcı: memo
LOG SEVİYESİ : info: BİLGİLER : : Aug-25-2023 10:43:00: [GET] /register? -- Kullanıcı: BİLİNMEYEN KULLANICI
LOG SEVİYESİ : info : KAYITLAR : : İŞLEM ZAMANI : Aug-25-2023 10:44:03: [GET] /logout? -- Kullanıcı: BİLİNMEYEN KULLANICI
LOG SEVİYESİ : info : KAYITLAR : : İŞLEM ZAMANI : Aug-25-2023 10:44:03: [GET] / -- Kullanıcı: BİLİNMEYEN KULLANICI
LOG SEVİYESİ : info : KAYITLAR : : İŞLEM ZAMANI : Aug-25-2023 10:44:05: [POST] / -- Kullanıcı: BİLİNMEYEN KULLANICI
LOG SEVİYESİ : info : KAYITLAR : : İŞLEM ZAMANI : Aug-25-2023 10:44:05: [GET] /ihale-bilgileri/1 -- Kullanıcı: memo
LOG SEVİYESİ : info : KAYITLAR : : İŞLEM ZAMANI : Aug-25-2023 10:44:44: [GET] URL : /logout? -- Kullanıcı: BİLİNMEYEN KULLANICI
LOG SEVİYESİ : info : KAYITLAR : : İŞLEM ZAMANI : Aug-25-2023 10:44:44: [GET] URL : / -- Kullanıcı: BİLİNMEYEN KULLANICI
LOG SEVİYESİ : info : KAYITLAR : : İŞLEM ZAMANI : Aug-25-2023 10:44:45: [POST] URL : / -- Kullanıcı: BİLİNMEYEN KULLANICI
LOG SEVİYESİ : info : KAYITLAR : : İŞLEM ZAMANI : Aug-25-2023 10:44:45: [GET] URL : /ihale-bilgileri/1 -- Kullanıcı: memo
LOG SEVİYESİ : [32minfo[39m : KAYITLAR : : İŞLEM ZAMANI : Aug-25-2023 10:46:23: [32m[GET] URL : /info? -- Kullanıcı: BİLİNMEYEN KULLANICI[39m
LOG SEVİYESİ : [32minfo[39m : KAYITLAR : : İŞLEM ZAMANI : Aug-25-2023 10:46:25: [32m[GET] URL : /logout? -- Kullanıcı: BİLİNMEYEN KULLANICI[39m
LOG SEVİYESİ : [32minfo[39m : KAYITLAR : : İŞLEM ZAMANI : Aug-25-2023 10:46:25: [32m[GET] URL : / -- Kullanıcı: BİLİNMEYEN KULLANICI[39m
LOG SEVİYESİ : [32minfo[39m : KAYITLAR : : İŞLEM ZAMANI : Aug-25-2023 10:46:25: [32m[POST] URL : / -- Kullanıcı: BİLİNMEYEN KULLANICI[39m
LOG SEVİYESİ : [32minfo[39m : KAYITLAR : : İŞLEM ZAMANI : Aug-25-2023 10:46:25: [32m[GET] URL : /ihale-bilgileri/1 -- Kullanıcı: memo[39m
LOG SEVİYESİ : [32minfo[39m : KAYITLAR : : İŞLEM ZAMANI : Aug-25-2023 10:47:23: [32m[GET] URL : /register? -- Kullanıcı: memo[39m
LOG SEVİYESİ : [32minfo[39m : KAYITLAR : : İŞLEM ZAMANI : Aug-25-2023 10:52:23: [32m[Kullanıcı: memo Giriş Yaptı[39m
LOG SEVİYESİ : [32minfo[39m : KAYITLAR : : İŞLEM ZAMANI : Aug-25-2023 10:53:42: [32m[Kullanıcı: BİLİNMEYEN KULLANICI Giriş Yaptı[39m
LOG SEVİYESİ : [32minfo[39m : KAYITLAR : : İŞLEM ZAMANI : Aug-25-2023 10:53:42: [32m[GET] URL : /logout? -- Kullanıcı: BİLİNMEYEN KULLANICI[39m
LOG SEVİYESİ : [32minfo[39m : KAYITLAR : : İŞLEM ZAMANI : Aug-25-2023 10:53:42: [32m[GET] URL : / -- Kullanıcı: BİLİNMEYEN KULLANICI[39m
LOG SEVİYESİ : [32minfo[39m : KAYITLAR : : İŞLEM ZAMANI : Aug-25-2023 10:53:47: [32m[POST] URL : / -- Kullanıcı: BİLİNMEYEN KULLANICI[39m
LOG SEVİYESİ : [32minfo[39m : KAYITLAR : : İŞLEM ZAMANI : Aug-25-2023 10:53:47: [32m[Kullanıcı: memo Giriş Yaptı[39m
LOG SEVİYESİ : [32minfo[39m : KAYITLAR : : İŞLEM ZAMANI : Aug-25-2023 10:53:47: [32m[GET] URL : /ihale-bilgileri/1 -- Kullanıcı: memo[39m
LOG SEVİYESİ : [32minfo[39m : KAYITLAR : : İŞLEM ZAMANI : Aug-25-2023 10:53:53: [32m[Kullanıcı: memo Giriş Yaptı[39m
LOG SEVİYESİ : [32minfo[39m : KAYITLAR : : İŞLEM ZAMANI : Aug-25-2023 10:53:53: [32m[GET] URL : /register? -- Kullanıcı: memo[39m
LOG SEVİYESİ : [32minfo[39m : KAYITLAR : : İŞLEM ZAMANI : Aug-25-2023 10:54:13: [32m[GET] URL : /register? -- Kullanıcı: BİLİNMEYEN KULLANICI[39m
LOG SEVİYESİ : [32minfo[39m : KAYITLAR : : İŞLEM ZAMANI : Aug-25-2023 11:17:34: [32m[GET] URL : /logout? -- Kullanıcı: BİLİNMEYEN KULLANICI[39m
LOG SEVİYESİ : [32minfo[39m : KAYITLAR : : İŞLEM ZAMANI : Aug-25-2023 11:17:35: [32m[GET] URL : / -- Kullanıcı: BİLİNMEYEN KULLANICI[39m
LOG SEVİYESİ : [32minfo[39m : KAYITLAR : : İŞLEM ZAMANI : Aug-25-2023 11:17:36: [32m[POST] URL : / -- Kullanıcı: BİLİNMEYEN KULLANICI[39m
LOG SEVİYESİ : [32minfo[39m : KAYITLAR : : İŞLEM ZAMANI : Aug-25-2023 11:17:36: [32m[GET] URL : /ihale-bilgileri/1 -- Kullanıcı: memo[39m
LOG SEVİYESİ : [32minfo[39m : KAYITLAR : : İŞLEM ZAMANI : Aug-25-2023 11:17:38: [32m[GET] URL : /logout? -- Kullanıcı: memo[39m
LOG SEVİYESİ : [32minfo[39m : KAYITLAR : : İŞLEM ZAMANI : Aug-25-2023 11:17:38: [32m[GET] URL : / -- Kullanıcı: BİLİNMEYEN KULLANICI[39m
LOG SEVİYESİ : [32minfo[39m : KAYITLAR : : İŞLEM ZAMANI : Aug-25-2023 11:17:42: [32m[POST] URL : / -- Kullanıcı: BİLİNMEYEN KULLANICI[39m
LOG SEVİYESİ : [31merror[39m : KAYITLAR : : İŞLEM ZAMANI : Aug-25-2023 11:19:51: [31mEvents Error: Unauthenticated user[39m
LOG SEVİYESİ : error : KAYITLAR : : İŞLEM ZAMANI : Aug-25-2023 11:21:07: Events Error: Unauthenticated user
LOG SEVİYESİ : error : KAYITLAR : : İŞLEM ZAMANI : Aug-25-2023 11:25:07: Events Error: Unauthenticated user
LOG SEVİYESİ : [31merror[39m : KAYITLAR --> : İŞLEM ZAMANI : Aug-25-2023 11:27:33: [31mEvents Error: Unauthenticated user[39m
LOG SEVİYESİ : [32minfo[39m : KAYITLAR --> : İŞLEM ZAMANI : Aug-25-2023 11:36:23: [32m[GET] URL : / -- Kullanıcı: BİLİNMEYEN KULLANICI[39m
LOG SEVİYESİ : [32minfo[39m : KAYITLAR --> : İŞLEM ZAMANI : Aug-25-2023 11:36:35: [32m[POST] URL : / -- Kullanıcı: BİLİNMEYEN KULLANICI[39m
LOG SEVİYESİ : [32minfo[39m : KAYITLAR --> : İŞLEM ZAMANI : Aug-25-2023 11:36:35: [32m[Kullanıcı: memo Giriş Yaptı][39m
LOG SEVİYESİ : [32minfo[39m : KAYITLAR --> : İŞLEM ZAMANI : Aug-25-2023 11:36:35: [32m[GET] URL : /ihale-bilgileri/1 -- Kullanıcı: memo[39m
LOG SEVİYESİ : [32minfo[39m : KAYITLAR --> : İŞLEM ZAMANI : Aug-25-2023 11:38:10: [32m[Kullanıcı: memo Giriş Yaptı][39m
LOG SEVİYESİ : [32minfo[39m : KAYITLAR --> : İŞLEM ZAMANI : Aug-25-2023 11:38:10: [32m[GET] URL : /info? -- Kullanıcı: memo[39m
LOG SEVİYESİ : [32minfo[39m : KAYITLAR --> : İŞLEM ZAMANI : Aug-25-2023 11:39:46: [32m[Kullanıcı: BİLİNMEYEN KULLANICI Giriş Yaptı][39m
LOG SEVİYESİ : [32minfo[39m : KAYITLAR --> : İŞLEM ZAMANI : Aug-25-2023 11:39:46: [32m[GET] URL : /logout? -- Kullanıcı: BİLİNMEYEN KULLANICI[39m
LOG SEVİYESİ : [32minfo[39m : KAYITLAR --> : İŞLEM ZAMANI : Aug-25-2023 11:39:46: [32m[GET] URL : / -- Kullanıcı: BİLİNMEYEN KULLANICI[39m
LOG SEVİYESİ : [32minfo[39m : KAYITLAR --> : İŞLEM ZAMANI : Aug-25-2023 11:39:47: [32m[POST] URL : / -- Kullanıcı: BİLİNMEYEN KULLANICI[39m
LOG SEVİYESİ : [32minfo[39m : KAYITLAR --> : İŞLEM ZAMANI : Aug-25-2023 11:39:47: [32m[Kullanıcı: memo Giriş Yaptı][39m
LOG SEVİYESİ : [32minfo[39m : KAYITLAR --> : İŞLEM ZAMANI : Aug-25-2023 11:39:47: [32m[GET] URL : /ihale-bilgileri/1 -- Kullanıcı: memo[39m
LOG SEVİYESİ : [32minfo[39m : KAYITLAR --> : İŞLEM ZAMANI : Aug-25-2023 11:39:49: [32m[GET] URL : /register? -- Kullanıcı: memo[39m
LOG SEVİYESİ : [32minfo[39m : KAYITLAR --> : İŞLEM ZAMANI : Aug-25-2023 11:39:59: [32m[Kullanıcı: memo Giriş Yaptı][39m
LOG SEVİYESİ : [32minfo[39m : KAYITLAR --> : İŞLEM ZAMANI : Aug-25-2023 11:39:59: [32m[GET] URL : /logout? -- Kullanıcı: memo[39m
LOG SEVİYESİ : [32minfo[39m : KAYITLAR --> : İŞLEM ZAMANI : Aug-25-2023 11:39:59: [32m[GET] URL : / -- Kullanıcı: BİLİNMEYEN KULLANICI[39m
LOG SEVİYESİ : [32minfo[39m : KAYITLAR --> : İŞLEM ZAMANI : Aug-25-2023 11:42:22: [32m[GET] ZABAZUU : / -- Kullanıcı: BİLİNMEYEN KULLANICI[39m
LOG SEVİYESİ : [32minfo[39m : KAYITLAR --> : İŞLEM ZAMANI : Aug-25-2023 11:42:22: [32m[GET] URL : / -- Kullanıcı: BİLİNMEYEN KULLANICI[39m
LOG SEVİYESİ : [32minfo[39m : KAYITLAR --> : İŞLEM ZAMANI : Aug-25-2023 11:42:24: [32m[POST] ZABAZUU : / -- Kullanıcı: BİLİNMEYEN KULLANICI[39m
LOG SEVİYESİ : [32minfo[39m : KAYITLAR --> : İŞLEM ZAMANI : Aug-25-2023 11:42:24: [32m[POST] URL : / -- Kullanıcı: BİLİNMEYEN KULLANICI[39m
LOG SEVİYESİ : [32minfo[39m : KAYITLAR --> : İŞLEM ZAMANI : Aug-25-2023 11:42:24: [32m[Kullanıcı: memo Giriş Yaptı][39m
LOG SEVİYESİ : [32minfo[39m : KAYITLAR --> : İŞLEM ZAMANI : Aug-25-2023 11:42:24: [32m[GET] URL : /ihale-bilgileri/1 -- Kullanıcı: memo[39m
LOG SEVİYESİ : [32minfo[39m : KAYITLAR --> : İŞLEM ZAMANI : Aug-25-2023 11:43:20: [32m[GET] BLALA: /register? -- Kullanıcı: BİLİNMEYEN KULLANICI[39m
LOG SEVİYESİ : [32minfo[39m : KAYITLAR --> : İŞLEM ZAMANI : Aug-25-2023 11:43:20: [32m[GET] URL : /register? -- Kullanıcı: BİLİNMEYEN KULLANICI[39m
LOG SEVİYESİ : [32minfo[39m : KAYITLAR --> : İŞLEM ZAMANI : Aug-25-2023 11:47:16: [32m[Kullanıcı: BİLİNMEYEN KULLANICI Giriş Yaptı][39m
LOG SEVİYESİ : [32minfo[39m : KAYITLAR --> : İŞLEM ZAMANI : Aug-25-2023 11:47:16: [32m[GET] URL : /logout? -- Kullanıcı: BİLİNMEYEN KULLANICI[39m
LOG SEVİYESİ : [32minfo[39m : KAYITLAR --> : İŞLEM ZAMANI : Aug-25-2023 11:47:16: [32m login  [GET] ZABAZUU : / -- Kullanıcı: BİLİNMEYEN KULLANICI[39m
LOG SEVİYESİ : [32minfo[39m : KAYITLAR --> : İŞLEM ZAMANI : Aug-25-2023 11:47:16: [32m[GET] URL : / -- Kullanıcı: BİLİNMEYEN KULLANICI[39m
LOG SEVİYESİ : [32minfo[39m : KAYITLAR --> : İŞLEM ZAMANI : Aug-25-2023 11:47:19: [32m login  [POST] ZABAZUU : / -- Kullanıcı: BİLİNMEYEN KULLANICI[39m
LOG SEVİYESİ : [32minfo[39m : KAYITLAR --> : İŞLEM ZAMANI : Aug-25-2023 11:47:19: [32m[POST] URL : / -- Kullanıcı: BİLİNMEYEN KULLANICI[39m
LOG SEVİYESİ : [32minfo[39m : KAYITLAR --> : İŞLEM ZAMANI : Aug-25-2023 11:47:19: [32m[Kullanıcı: memo Giriş Yaptı][39m
LOG SEVİYESİ : [32minfo[39m : KAYITLAR --> : İŞLEM ZAMANI : Aug-25-2023 11:47:19: [32m[GET] URL : /ihale-bilgileri/1 -- Kullanıcı: memo[39m
LOG SEVİYESİ : [32minfo[39m : KAYITLAR --> : İŞLEM ZAMANI : Aug-25-2023 11:49:04: [32m[Kullanıcı: BİLİNMEYEN KULLANICI Giriş Yaptı][39m
LOG SEVİYESİ : [32minfo[39m : KAYITLAR --> : İŞLEM ZAMANI : Aug-25-2023 11:49:04: [32m[GET] URL : /logout? -- Kullanıcı: BİLİNMEYEN KULLANICI[39m
LOG SEVİYESİ : [32minfo[39m : KAYITLAR --> : İŞLEM ZAMANI : Aug-25-2023 11:49:04: [32m[Kullanıcı: BİLİNMEYEN KULLANICI Giriş Yaptı][39m
LOG SEVİYESİ : [32minfo[39m : KAYITLAR --> : İŞLEM ZAMANI : Aug-25-2023 11:49:04: [32m[GET] URL : / -- Kullanıcı: BİLİNMEYEN KULLANICI[39m
LOG SEVİYESİ : [32minfo[39m : KAYITLAR --> : İŞLEM ZAMANI : Aug-25-2023 11:49:05: [32m[Kullanıcı: BİLİNMEYEN KULLANICI Giriş Yaptı][39m
LOG SEVİYESİ : [32minfo[39m : KAYITLAR --> : İŞLEM ZAMANI : Aug-25-2023 11:49:05: [32m[POST] URL : / -- Kullanıcı: BİLİNMEYEN KULLANICI[39m
LOG SEVİYESİ : [32minfo[39m : KAYITLAR --> : İŞLEM ZAMANI : Aug-25-2023 11:49:05: [32m[Kullanıcı: memo Giriş Yaptı][39m
LOG SEVİYESİ : [32minfo[39m : KAYITLAR --> : İŞLEM ZAMANI : Aug-25-2023 11:49:05: [32m[GET] URL : /ihale-bilgileri/1 -- Kullanıcı: memo[39m
LOG SEVİYESİ : [32minfo[39m : KAYITLAR --> : İŞLEM ZAMANI : Aug-25-2023 11:49:25: [32m[Kullanıcı: BİLİNMEYEN KULLANICI Giriş Yaptı][39m
LOG SEVİYESİ : [32minfo[39m : KAYITLAR --> : İŞLEM ZAMANI : Aug-25-2023 11:49:25: [32m[GET] URL : /logout? -- Kullanıcı: BİLİNMEYEN KULLANICI[39m
LOG SEVİYESİ : [32minfo[39m : KAYITLAR --> : İŞLEM ZAMANI : Aug-25-2023 11:49:25: [32m[Kullanıcı: BİLİNMEYEN KULLANICI Giriş Yaptı][39m
LOG SEVİYESİ : [32minfo[39m : KAYITLAR --> : İŞLEM ZAMANI : Aug-25-2023 11:49:25: [32m[GET] URL : / -- Kullanıcı: BİLİNMEYEN KULLANICI[39m
LOG SEVİYESİ : [32minfo[39m : KAYITLAR --> : İŞLEM ZAMANI : Aug-25-2023 11:49:27: [32m[Kullanıcı: BİLİNMEYEN KULLANICI Giriş Yaptı][39m
LOG SEVİYESİ : [32minfo[39m : KAYITLAR --> : İŞLEM ZAMANI : Aug-25-2023 11:49:27: [32m[POST] URL : / -- Kullanıcı: BİLİNMEYEN KULLANICI[39m
LOG SEVİYESİ : [32minfo[39m : KAYITLAR --> : İŞLEM ZAMANI : Aug-25-2023 11:49:27: [32m login  [GET] ZABAZUU : /ihale-bilgileri/1 -- Kullanıcı: memo[39m
LOG SEVİYESİ : [32minfo[39m : KAYITLAR --> : İŞLEM ZAMANI : Aug-25-2023 11:49:27: [32m[GET] URL : /ihale-bilgileri/1 -- Kullanıcı: memo[39m
LOG SEVİYESİ : [32minfo[39m : KAYITLAR --> : İŞLEM ZAMANI : Aug-25-2023 11:58:39: [32m[Kullanıcı: BİLİNMEYEN KULLANICI Giriş Yaptı][39m
LOG SEVİYESİ : [32minfo[39m : KAYITLAR --> : İŞLEM ZAMANI : Aug-25-2023 11:58:39: [32m[GET] URL : /logout? -- Kullanıcı: BİLİNMEYEN KULLANICI[39m
LOG SEVİYESİ : [32minfo[39m : KAYITLAR --> : İŞLEM ZAMANI : Aug-25-2023 11:58:39: [32m[Kullanıcı: BİLİNMEYEN KULLANICI Giriş Yaptı][39m
LOG SEVİYESİ : [32minfo[39m : KAYITLAR --> : İŞLEM ZAMANI : Aug-25-2023 11:58:39: [32m[GET] URL : / -- Kullanıcı: BİLİNMEYEN KULLANICI[39m
LOG SEVİYESİ : [32minfo[39m : KAYITLAR --> : İŞLEM ZAMANI : Aug-25-2023 11:58:40: [32m[Kullanıcı: BİLİNMEYEN KULLANICI Giriş Yaptı][39m
LOG SEVİYESİ : [32minfo[39m : KAYITLAR --> : İŞLEM ZAMANI : Aug-25-2023 11:58:40: [32m[POST] URL : / -- Kullanıcı: BİLİNMEYEN KULLANICI[39m
LOG SEVİYESİ : [32minfo[39m : KAYITLAR --> : İŞLEM ZAMANI : Aug-25-2023 11:59:08: [32m[Kullanıcı: BİLİNMEYEN KULLANICI Giriş Yaptı][39m
LOG SEVİYESİ : [32minfo[39m : KAYITLAR --> : İŞLEM ZAMANI : Aug-25-2023 11:59:08: [32m[POST] URL : / -- Kullanıcı: BİLİNMEYEN KULLANICI[39m
LOG SEVİYESİ : [32minfo[39m : KAYITLAR --> : İŞLEM ZAMANI : Aug-25-2023 11:59:16: [32m[Kullanıcı: BİLİNMEYEN KULLANICI Giriş Yaptı][39m
LOG SEVİYESİ : [32minfo[39m : KAYITLAR --> : İŞLEM ZAMANI : Aug-25-2023 11:59:16: [32m[POST] URL : / -- Kullanıcı: BİLİNMEYEN KULLANICI[39m
LOG SEVİYESİ : [32minfo[39m : KAYITLAR --> : İŞLEM ZAMANI : Aug-25-2023 12:01:07: [32m[Kullanıcı: BİLİNMEYEN KULLANICI Giriş Yaptı][39m
LOG SEVİYESİ : [32minfo[39m : KAYITLAR --> : İŞLEM ZAMANI : Aug-25-2023 12:01:07: [32m[GET] URL : / -- Kullanıcı: BİLİNMEYEN KULLANICI[39m
LOG SEVİYESİ : [32minfo[39m : KAYITLAR --> : İŞLEM ZAMANI : Aug-25-2023 12:01:08: [32m[Kullanıcı: BİLİNMEYEN KULLANICI Giriş Yaptı][39m
LOG SEVİYESİ : [32minfo[39m : KAYITLAR --> : İŞLEM ZAMANI : Aug-25-2023 12:01:08: [32m[POST] URL : / -- Kullanıcı: BİLİNMEYEN KULLANICI[39m
LOG SEVİYESİ : [32minfo[39m : KAYITLAR --> : İŞLEM ZAMANI : Aug-25-2023 12:01:08: [32m[GET] ZABAZUU : /ihale-bilgileri/1 -- Kullanıcı: memo[39m
LOG SEVİYESİ : [32minfo[39m : KAYITLAR --> : İŞLEM ZAMANI : Aug-25-2023 12:01:08: [32m[GET] URL : /ihale-bilgileri/1 -- Kullanıcı: memo[39m
LOG SEVİYESİ : [32minfo[39m : KAYITLAR --> : İŞLEM ZAMANI : Aug-25-2023 12:03:24: [32m[Kullanıcı: BİLİNMEYEN KULLANICI Giriş Yaptı][39m
LOG SEVİYESİ : [32minfo[39m : KAYITLAR --> : İŞLEM ZAMANI : Aug-25-2023 12:03:24: [32m[GET] URL : /logout? -- Kullanıcı: BİLİNMEYEN KULLANICI[39m
LOG SEVİYESİ : [32minfo[39m : KAYITLAR --> : İŞLEM ZAMANI : Aug-25-2023 12:03:24: [32m[Kullanıcı: BİLİNMEYEN KULLANICI Giriş Yaptı][39m
LOG SEVİYESİ : [32minfo[39m : KAYITLAR --> : İŞLEM ZAMANI : Aug-25-2023 12:03:24: [32m[GET] URL : / -- Kullanıcı: BİLİNMEYEN KULLANICI[39m
LOG SEVİYESİ : [32minfo[39m : KAYITLAR --> : İŞLEM ZAMANI : Aug-25-2023 12:03:25: [32m[Kullanıcı: BİLİNMEYEN KULLANICI Giriş Yaptı][39m
LOG SEVİYESİ : [32minfo[39m : KAYITLAR --> : İŞLEM ZAMANI : Aug-25-2023 12:03:25: [32m[POST] URL : / -- Kullanıcı: BİLİNMEYEN KULLANICI[39m
LOG SEVİYESİ : [32minfo[39m : KAYITLAR --> : İŞLEM ZAMANI : Aug-25-2023 12:03:25: [32m[GET] URL : /ihale-bilgileri/1 -- Kullanıcı: memo[39m
LOG SEVİYESİ : [32minfo[39m : KAYITLAR --> : İŞLEM ZAMANI : Aug-25-2023 12:05:03: [32m[Kullanıcı: BİLİNMEYEN KULLANICI Giriş Yaptı][39m
LOG SEVİYESİ : [32minfo[39m : KAYITLAR --> : İŞLEM ZAMANI : Aug-25-2023 12:05:03: [32m[GET] URL : /logout? -- Kullanıcı: BİLİNMEYEN KULLANICI[39m
LOG SEVİYESİ : [32minfo[39m : KAYITLAR --> : İŞLEM ZAMANI : Aug-25-2023 12:05:03: [32m[Kullanıcı: BİLİNMEYEN KULLANICI Giriş Yaptı][39m
LOG SEVİYESİ : [32minfo[39m : KAYITLAR --> : İŞLEM ZAMANI : Aug-25-2023 12:05:03: [32m[GET] URL : / -- Kullanıcı: BİLİNMEYEN KULLANICI[39m
LOG SEVİYESİ : [32minfo[39m : KAYITLAR --> : İŞLEM ZAMANI : Aug-25-2023 12:05:04: [32m[Kullanıcı: BİLİNMEYEN KULLANICI Giriş Yaptı][39m
LOG SEVİYESİ : [32minfo[39m : KAYITLAR --> : İŞLEM ZAMANI : Aug-25-2023 12:05:04: [32m[POST] URL : / -- Kullanıcı: BİLİNMEYEN KULLANICI[39m
LOG SEVİYESİ : [32minfo[39m : KAYITLAR --> : İŞLEM ZAMANI : Aug-25-2023 12:05:04: [32m[GET] URL : /ihale-bilgileri/1 -- Kullanıcı: memo[39m
LOG SEVİYESİ : [32minfo[39m : KAYITLAR --> : İŞLEM ZAMANI : Aug-25-2023 12:07:06: [32m[Kullanıcı: BİLİNMEYEN KULLANICI Giriş Yaptı][39m
LOG SEVİYESİ : [32minfo[39m : KAYITLAR --> : İŞLEM ZAMANI : Aug-25-2023 12:07:06: [32m[GET] URL : /logout? -- Kullanıcı: BİLİNMEYEN KULLANICI[39m
LOG SEVİYESİ : [32minfo[39m : KAYITLAR --> : İŞLEM ZAMANI : Aug-25-2023 12:07:06: [32m[Kullanıcı: BİLİNMEYEN KULLANICI Giriş Yaptı][39m
LOG SEVİYESİ : [32minfo[39m : KAYITLAR --> : İŞLEM ZAMANI : Aug-25-2023 12:07:06: [32m[GET] URL : / -- Kullanıcı: BİLİNMEYEN KULLANICI[39m
LOG SEVİYESİ : [32minfo[39m : KAYITLAR --> : İŞLEM ZAMANI : Aug-25-2023 12:07:07: [32m[Kullanıcı: BİLİNMEYEN KULLANICI Giriş Yaptı][39m
LOG SEVİYESİ : [32minfo[39m : KAYITLAR --> : İŞLEM ZAMANI : Aug-25-2023 12:07:07: [32m[POST] URL : / -- Kullanıcı: BİLİNMEYEN KULLANICI[39m
LOG SEVİYESİ : [32minfo[39m : KAYITLAR --> : İŞLEM ZAMANI : Aug-25-2023 12:07:07: [32m[GET] URL : /ihale-bilgileri/1 -- Kullanıcı: memo[39m
LOG SEVİYESİ : [32minfo[39m : KAYITLAR --> : İŞLEM ZAMANI : Aug-25-2023 12:13:59: [32m[Kullanıcı: BİLİNMEYEN KULLANICI Giriş Yaptı][39m
LOG SEVİYESİ : [32minfo[39m : KAYITLAR --> : İŞLEM ZAMANI : Aug-25-2023 12:13:59: [32m[GET] URL : /logout? -- Kullanıcı: BİLİNMEYEN KULLANICI[39m
LOG SEVİYESİ : [32minfo[39m : KAYITLAR --> : İŞLEM ZAMANI : Aug-25-2023 12:13:59: [32m[Kullanıcı: BİLİNMEYEN KULLANICI Giriş Yaptı][39m
LOG SEVİYESİ : [32minfo[39m : KAYITLAR --> : İŞLEM ZAMANI : Aug-25-2023 12:13:59: [32m[GET] URL : / -- Kullanıcı: BİLİNMEYEN KULLANICI[39m
LOG SEVİYESİ : [32minfo[39m : KAYITLAR --> : İŞLEM ZAMANI : Aug-25-2023 12:14:02: [32m[Kullanıcı: BİLİNMEYEN KULLANICI Giriş Yaptı][39m
LOG SEVİYESİ : [32minfo[39m : KAYITLAR --> : İŞLEM ZAMANI : Aug-25-2023 12:14:02: [32m[POST] URL : / -- Kullanıcı: BİLİNMEYEN KULLANICI[39m
LOG SEVİYESİ : [32minfo[39m : KAYITLAR --> : İŞLEM ZAMANI : Aug-25-2023 12:14:02: [32m[GET] URL : /ihale-bilgileri/1 -- Kullanıcı: memo[39m
LOG SEVİYESİ : [32minfo[39m : KAYITLAR --> : İŞLEM ZAMANI : Aug-25-2023 12:14:41: [32m[Kullanıcı: BİLİNMEYEN KULLANICI Giriş Yaptı][39m
LOG SEVİYESİ : [32minfo[39m : KAYITLAR --> : İŞLEM ZAMANI : Aug-25-2023 12:14:41: [32m[GET] URL : /logout? -- Kullanıcı: BİLİNMEYEN KULLANICI[39m
LOG SEVİYESİ : [32minfo[39m : KAYITLAR --> : İŞLEM ZAMANI : Aug-25-2023 12:14:41: [32m[Kullanıcı: BİLİNMEYEN KULLANICI Giriş Yaptı][39m
LOG SEVİYESİ : [32minfo[39m : KAYITLAR --> : İŞLEM ZAMANI : Aug-25-2023 12:14:41: [32m[GET] URL : / -- Kullanıcı: BİLİNMEYEN KULLANICI[39m
LOG SEVİYESİ : [32minfo[39m : KAYITLAR --> : İŞLEM ZAMANI : Aug-25-2023 12:14:42: [32m[Kullanıcı: BİLİNMEYEN KULLANICI Giriş Yaptı][39m
LOG SEVİYESİ : [32minfo[39m : KAYITLAR --> : İŞLEM ZAMANI : Aug-25-2023 12:14:42: [32m[POST] URL : / -- Kullanıcı: BİLİNMEYEN KULLANICI[39m
LOG SEVİYESİ : [32minfo[39m : KAYITLAR --> : İŞLEM ZAMANI : Aug-25-2023 12:14:42: [32m[GET] URL : /ihale-bilgileri/1 -- Kullanıcı: memo[39m
LOG SEVİYESİ : [32minfo[39m : KAYITLAR --> : İŞLEM ZAMANI : Aug-25-2023 12:14:56: [32m[Kullanıcı: BİLİNMEYEN KULLANICI Giriş Yaptı][39m
LOG SEVİYESİ : [32minfo[39m : KAYITLAR --> : İŞLEM ZAMANI : Aug-25-2023 12:14:56: [32m[GET] URL : /logout? -- Kullanıcı: BİLİNMEYEN KULLANICI[39m
LOG SEVİYESİ : [32minfo[39m : KAYITLAR --> : İŞLEM ZAMANI : Aug-25-2023 12:14:56: [32m[Kullanıcı: BİLİNMEYEN KULLANICI Giriş Yaptı][39m
LOG SEVİYESİ : [32minfo[39m : KAYITLAR --> : İŞLEM ZAMANI : Aug-25-2023 12:14:56: [32m[GET] URL : / -- Kullanıcı: BİLİNMEYEN KULLANICI[39m
LOG SEVİYESİ : [32minfo[39m : KAYITLAR --> : İŞLEM ZAMANI : Aug-25-2023 12:14:57: [32m[Kullanıcı: BİLİNMEYEN KULLANICI Giriş Yaptı][39m
LOG SEVİYESİ : [32minfo[39m : KAYITLAR --> : İŞLEM ZAMANI : Aug-25-2023 12:14:57: [32m[POST] URL : / -- Kullanıcı: BİLİNMEYEN KULLANICI[39m
LOG SEVİYESİ : [32minfo[39m : KAYITLAR --> : İŞLEM ZAMANI : Aug-25-2023 12:14:57: [32m[GET] URL : /ihale-bilgileri/1 -- Kullanıcı: memo[39m
LOG SEVİYESİ : [32minfo[39m : KAYITLAR --> : İŞLEM ZAMANI : Aug-25-2023 12:15:20: [32m[Kullanıcı: BİLİNMEYEN KULLANICI Giriş Yaptı][39m
LOG SEVİYESİ : [32minfo[39m : KAYITLAR --> : İŞLEM ZAMANI : Aug-25-2023 12:15:20: [32m[GET] URL : /logout? -- Kullanıcı: BİLİNMEYEN KULLANICI[39m
LOG SEVİYESİ : [32minfo[39m : KAYITLAR --> : İŞLEM ZAMANI : Aug-25-2023 12:15:20: [32m[Kullanıcı: BİLİNMEYEN KULLANICI Giriş Yaptı][39m
LOG SEVİYESİ : [32minfo[39m : KAYITLAR --> : İŞLEM ZAMANI : Aug-25-2023 12:15:20: [32m[GET] URL : / -- Kullanıcı: BİLİNMEYEN KULLANICI[39m
LOG SEVİYESİ : [32minfo[39m : KAYITLAR --> : İŞLEM ZAMANI : Aug-25-2023 12:15:20: [32m[Kullanıcı: BİLİNMEYEN KULLANICI Giriş Yaptı][39m
LOG SEVİYESİ : [32minfo[39m : KAYITLAR --> : İŞLEM ZAMANI : Aug-25-2023 12:15:20: [32m[POST] URL : / -- Kullanıcı: BİLİNMEYEN KULLANICI[39m
LOG SEVİYESİ : [32minfo[39m : KAYITLAR --> : İŞLEM ZAMANI : Aug-25-2023 12:15:20: [32m[GET] URL : /ihale-bilgileri/1 -- Kullanıcı: memo[39m
LOG SEVİYESİ : [32minfo[39m : KAYITLAR --> : İŞLEM ZAMANI : Aug-25-2023 12:20:45: [32m[POST] URL : / -- Kullanıcı: BİLİNMEYEN KULLANICI[39m
LOG SEVİYESİ : [32minfo[39m : KAYITLAR --> : İŞLEM ZAMANI : Aug-25-2023 12:20:45: [32m[GET] URL : /ihale-bilgileri/1 -- Kullanıcı: memo[39m
[whitemLOG SEVİYESİ : [32minfo[39m : KAYITLAR --> : İŞLEM ZAMANI : Aug-25-2023 12:25:37:  [32m[GET] URL : /logout? -- Kullanıcı: BİLİNMEYEN KULLANICI[39m[0m
[whitemLOG SEVİYESİ : [32minfo[39m : KAYITLAR --> : İŞLEM ZAMANI : Aug-25-2023 12:25:37:  [32m[GET] URL : / -- Kullanıcı: BİLİNMEYEN KULLANICI[39m[0m
[whitemLOG SEVİYESİ : [32minfo[39m : KAYITLAR --> : İŞLEM ZAMANI : Aug-25-2023 12:25:38:  [32m[POST] URL : / -- Kullanıcı: BİLİNMEYEN KULLANICI[39m[0m
[whitemLOG SEVİYESİ : [32minfo[39m : KAYITLAR --> : İŞLEM ZAMANI : Aug-25-2023 12:25:38:  [32m[GET] URL : /ihale-bilgileri/1 -- Kullanıcı: memo[39m[0m
[whitemLOG SEVİYESİ : [32minfo[39m : KAYITLAR --> : İŞLEM ZAMANI : Aug-25-2023 12:26:14:  [32m[GET] URL : /logout? -- Kullanıcı: BİLİNMEYEN KULLANICI[39m[0m
[whitemLOG SEVİYESİ : [32minfo[39m : KAYITLAR --> : İŞLEM ZAMANI : Aug-25-2023 12:26:14:  [32m[GET] URL : / -- Kullanıcı: BİLİNMEYEN KULLANICI[39m[0m
LOG SEVİYESİ : [32minfo[39m : KAYITLAR --> : İŞLEM ZAMANI : Aug-25-2023 12:28:11:  [32m[POST] URL : / -- Kullanıcı: BİLİNMEYEN KULLANICI[39m
LOG SEVİYESİ : [32minfo[39m : KAYITLAR --> : İŞLEM ZAMANI : Aug-25-2023 12:28:11:  [32m[GET] URL : /ihale-bilgileri/1 -- Kullanıcı: memo[39m
LOG SEVİYESİ : [32minfo[39m : KAYITLAR --> : İŞLEM ZAMANI : Aug-25-2023 12:28:20:  [32m[GET] URL : /logout? -- Kullanıcı: memo[39m
LOG SEVİYESİ : [32minfo[39m : KAYITLAR --> : İŞLEM ZAMANI : Aug-25-2023 12:28:20:  [32m[GET] URL : / -- Kullanıcı: BİLİNMEYEN KULLANICI[39m
LOG SEVİYESİ : [32minfo[39m : KAYITLAR --> : İŞLEM ZAMANI : Aug-25-2023 12:30:23:  [32m[POST] URL : / -- Kullanıcı: BİLİNMEYEN KULLANICI[39m
LOG SEVİYESİ : [32minfo[39m : KAYITLAR --> : İŞLEM ZAMANI : Aug-25-2023 12:30:23:  [32m[GET] URL : /ihale-bilgileri/1 -- Kullanıcı: memo[39m
LOG SEVİYESİ : [32minfo[39m : KAYITLAR --> : İŞLEM ZAMANI : Aug-25-2023 12:31:24:  [32m[GET] URL : /logout? -- Kullanıcı: BİLİNMEYEN KULLANICI[39m
LOG SEVİYESİ : [32minfo[39m : KAYITLAR --> : İŞLEM ZAMANI : Aug-25-2023 12:31:24:  [32m[GET] URL : / -- Kullanıcı: BİLİNMEYEN KULLANICI[39m
LOG SEVİYESİ : [32minfo[39m : KAYITLAR --> : İŞLEM ZAMANI : Aug-25-2023 12:31:25:  [32m[POST] URL : / -- Kullanıcı: BİLİNMEYEN KULLANICI[39m
LOG SEVİYESİ : [32minfo[39m : KAYITLAR --> : İŞLEM ZAMANI : Aug-25-2023 12:31:25:  [32m[GET] URL : /ihale-bilgileri/1 -- Kullanıcı: memo[39m
LOG SEVİYESİ : [32minfo[39m : KAYITLAR --> : İŞLEM ZAMANI : Aug-25-2023 12:33:41:  [GET] URL : /logout? -- Kullanıcı: BİLİNMEYEN KULLANICI
LOG SEVİYESİ : [32minfo[39m : KAYITLAR --> : İŞLEM ZAMANI : Aug-25-2023 12:33:41:  [GET] URL : / -- Kullanıcı: BİLİNMEYEN KULLANICI
LOG SEVİYESİ : [32minfo[39m : KAYITLAR --> : İŞLEM ZAMANI : Aug-25-2023 12:33:42:  [POST] URL : / -- Kullanıcı: BİLİNMEYEN KULLANICI
LOG SEVİYESİ : [32minfo[39m : KAYITLAR --> : İŞLEM ZAMANI : Aug-25-2023 12:33:42:  [GET] URL : /ihale-bilgileri/1 -- Kullanıcı: memo
LOG SEVİYESİ : [32minfo[39m : KAYITLAR --> : İŞLEM ZAMANI : Aug-25-2023 12:34:00:  [GET] URL : /logout? -- Kullanıcı: BİLİNMEYEN KULLANICI
LOG SEVİYESİ : [32minfo[39m : KAYITLAR --> : İŞLEM ZAMANI : Aug-25-2023 12:34:00:  [GET] URL : / -- Kullanıcı: BİLİNMEYEN KULLANICI
LOG SEVİYESİ : [32minfo[39m : KAYITLAR --> : İŞLEM ZAMANI : Aug-25-2023 12:34:01:  [POST] URL : / -- Kullanıcı: BİLİNMEYEN KULLANICI
LOG SEVİYESİ : [32minfo[39m : KAYITLAR --> : İŞLEM ZAMANI : Aug-25-2023 12:34:01:  [GET] URL : /ihale-bilgileri/1 -- Kullanıcı: memo
LOG SEVİYESİ : [32minfo[39m : KAYITLAR --> : İŞLEM ZAMANI : Aug-25-2023 12:34:25:  [GET] URL : /register? -- Kullanıcı: BİLİNMEYEN KULLANICI
LOG SEVİYESİ : [32minfo[39m : KAYITLAR --> : İŞLEM ZAMANI : Aug-25-2023 12:34:25:  [GET] URL : /logout? -- Kullanıcı: BİLİNMEYEN KULLANICI
LOG SEVİYESİ : [32minfo[39m : KAYITLAR --> : İŞLEM ZAMANI : Aug-25-2023 12:34:26:  [GET] URL : / -- Kullanıcı: BİLİNMEYEN KULLANICI
LOG SEVİYESİ : [31merror[39m : KAYITLAR --> : İŞLEM ZAMANI : Aug-25-2023 12:38:58:  [POST] URL : / -- Kullanıcı: BİLİNMEYEN KULLANICI
LOG SEVİYESİ : [31merror[39m : KAYITLAR --> : İŞLEM ZAMANI : Aug-25-2023 12:38:58:  [GET] URL : /ihale-bilgileri/1 -- Kullanıcı: memo
LOG SEVİYESİ : [31merror[39m : KAYITLAR --> : İŞLEM ZAMANI : Aug-25-2023 12:39:07:  [GET] URL : /logout? -- Kullanıcı: memo
LOG SEVİYESİ : [31merror[39m : KAYITLAR --> : İŞLEM ZAMANI : Aug-25-2023 12:39:07:  [GET] URL : / -- Kullanıcı: BİLİNMEYEN KULLANICI
LOG SEVİYESİ : [32minfo[39m : KAYITLAR --> : İŞLEM ZAMANI : Aug-25-2023 12:46:00:  [POST] URL : / -- Kullanıcı: BİLİNMEYEN KULLANICI
LOG SEVİYESİ : [32minfo[39m : KAYITLAR --> : İŞLEM ZAMANI : Aug-25-2023 12:46:00:  [GET] URL : /ihale-bilgileri/1 -- Kullanıcı: memo
LOG SEVİYESİ : [32minfo[39m : KAYITLAR --> : İŞLEM ZAMANI : Aug-25-2023 12:46:02:  [GET] URL : /logout? -- Kullanıcı: memo
LOG SEVİYESİ : [32minfo[39m : KAYITLAR --> : İŞLEM ZAMANI : Aug-25-2023 12:46:02:  [GET] URL : / -- Kullanıcı: BİLİNMEYEN KULLANICI
LOG SEVİYESİ : [32minfo[39m : KAYITLAR --> : İŞLEM ZAMANI : Aug-25-2023 12:46:04:  [POST] URL : / -- Kullanıcı: BİLİNMEYEN KULLANICI
LOG SEVİYESİ : [32minfo[39m : KAYITLAR --> : İŞLEM ZAMANI : Aug-25-2023 12:49:37:  [GET] URL : / -- Kullanıcı: BİLİNMEYEN KULLANICI
LOG SEVİYESİ : [32minfo[39m : KAYITLAR --> : İŞLEM ZAMANI : Aug-25-2023 12:49:38:  [POST] URL : / -- Kullanıcı: BİLİNMEYEN KULLANICI
LOG SEVİYESİ : [32minfo[39m : KAYITLAR --> : İŞLEM ZAMANI : Aug-25-2023 12:49:38:  [GET] URL : /ihale-bilgileri/1 -- Kullanıcı: memo
LOG SEVİYESİ : [32minfo[39m : KAYITLAR --> : İŞLEM ZAMANI : Aug-25-2023 12:49:43:  [GET] URL : /info? -- Kullanıcı: memo
LOG SEVİYESİ : [32minfo[39m : KAYITLAR --> : İŞLEM ZAMANI : Aug-25-2023 12:50:00:  [GET] URL : /logout? -- Kullanıcı: BİLİNMEYEN KULLANICI
LOG SEVİYESİ : [32minfo[39m : KAYITLAR --> : İŞLEM ZAMANI : Aug-25-2023 12:50:00:  [GET] URL : / -- Kullanıcı: BİLİNMEYEN KULLANICI
LOG SEVİYESİ : [32minfo[39m : KAYITLAR --> : İŞLEM ZAMANI : Aug-25-2023 12:50:01:  [POST] URL : / -- Kullanıcı: BİLİNMEYEN KULLANICI
LOG SEVİYESİ : [32minfo[39m : KAYITLAR --> : İŞLEM ZAMANI : Aug-25-2023 12:50:01:  [GET] URL : /ihale-bilgileri/1 -- Kullanıcı: memo
LOG SEVİYESİ : [32minfo[39m : KAYITLAR --> : İŞLEM ZAMANI : Aug-25-2023 12:50:01:  [GET] URL : /info? -- Kullanıcı: memo
LOG SEVİYESİ : [32minfo[39m : KAYITLAR --> : İŞLEM ZAMANI : Aug-25-2023 12:50:35:  [GET] URL : /logout? -- Kullanıcı: BİLİNMEYEN KULLANICI
LOG SEVİYESİ : [32minfo[39m : KAYITLAR --> : İŞLEM ZAMANI : Aug-25-2023 12:50:35:  [GET] URL : / -- Kullanıcı: BİLİNMEYEN KULLANICI
LOG SEVİYESİ : [32minfo[39m : KAYITLAR --> : İŞLEM ZAMANI : Aug-25-2023 12:50:36:  [POST] URL : / -- Kullanıcı: BİLİNMEYEN KULLANICI
LOG SEVİYESİ : [32minfo[39m : KAYITLAR --> : İŞLEM ZAMANI : Aug-25-2023 12:50:36:  [GET] URL : /ihale-bilgileri/1 -- Kullanıcı: memo
LOG SEVİYESİ : [32minfo[39m : KAYITLAR --> : İŞLEM ZAMANI : Aug-25-2023 12:50:38:  [GET] URL : /info? -- Kullanıcı: memo
LOG SEVİYESİ : [32minfo[39m : KAYITLAR --> : İŞLEM ZAMANI : Aug-25-2023 12:51:02:  [GET] URL : /logout? -- Kullanıcı: BİLİNMEYEN KULLANICI
LOG SEVİYESİ : [32minfo[39m : KAYITLAR --> : İŞLEM ZAMANI : Aug-25-2023 12:51:02:  [GET] URL : / -- Kullanıcı: BİLİNMEYEN KULLANICI
LOG SEVİYESİ : [32minfo[39m : KAYITLAR --> : İŞLEM ZAMANI : Aug-25-2023 12:51:03:  [POST] URL : / -- Kullanıcı: BİLİNMEYEN KULLANICI
LOG SEVİYESİ : [32minfo[39m : KAYITLAR --> : İŞLEM ZAMANI : Aug-25-2023 12:51:03:  [GET] URL : /ihale-bilgileri/1 -- Kullanıcı: memo
LOG SEVİYESİ : [32minfo[39m : KAYITLAR --> : İŞLEM ZAMANI : Aug-25-2023 12:51:05:  [GET] URL : /info? -- Kullanıcı: memo
LOG SEVİYESİ : [32minfo[39m : KAYITLAR --> : İŞLEM ZAMANI : Aug-25-2023 12:54:27:  [GET] URL : /logout? -- Kullanıcı: BİLİNMEYEN KULLANICI
LOG SEVİYESİ : [32minfo[39m : KAYITLAR --> : İŞLEM ZAMANI : Aug-25-2023 12:54:27:  [GET] URL : / -- Kullanıcı: BİLİNMEYEN KULLANICI
LOG SEVİYESİ : [32minfo[39m : KAYITLAR --> : İŞLEM ZAMANI : Aug-25-2023 12:54:28:  [POST] URL : / -- Kullanıcı: BİLİNMEYEN KULLANICI
LOG SEVİYESİ : [32minfo[39m : KAYITLAR --> : İŞLEM ZAMANI : Aug-25-2023 12:54:28:  [GET] URL : /ihale-bilgileri/1 -- Kullanıcı: memo
LOG SEVİYESİ : [32minfo[39m : KAYITLAR --> : İŞLEM ZAMANI : Aug-25-2023 12:54:37:  [GET] URL : /logout? -- Kullanıcı: BİLİNMEYEN KULLANICI
LOG SEVİYESİ : [32minfo[39m : KAYITLAR --> : İŞLEM ZAMANI : Aug-25-2023 12:54:37:  [GET] URL : / -- Kullanıcı: BİLİNMEYEN KULLANICI
LOG SEVİYESİ : [32minfo[39m : KAYITLAR --> : İŞLEM ZAMANI : Aug-25-2023 12:54:39:  [POST] URL : / -- Kullanıcı: BİLİNMEYEN KULLANICI
LOG SEVİYESİ : [32minfo[39m : KAYITLAR --> : İŞLEM ZAMANI : Aug-25-2023 12:54:39:  [GET] URL : /ihale-bilgileri/1 -- Kullanıcı: memo
LOG SEVİYESİ : [32minfo[39m : KAYITLAR --> : İŞLEM ZAMANI : Aug-25-2023 12:55:14:  [GET] URL : /logout? -- Kullanıcı: BİLİNMEYEN KULLANICI
LOG SEVİYESİ : [32minfo[39m : KAYITLAR --> : İŞLEM ZAMANI : Aug-25-2023 12:55:14:  [GET] URL : / -- Kullanıcı: BİLİNMEYEN KULLANICI
LOG SEVİYESİ : [32minfo[39m : KAYITLAR --> : İŞLEM ZAMANI : Aug-25-2023 12:55:15:  [POST] URL : / -- Kullanıcı: BİLİNMEYEN KULLANICI
LOG SEVİYESİ : [32minfo[39m : KAYITLAR --> : İŞLEM ZAMANI : Aug-25-2023 12:55:15:  [GET] URL : /ihale-bilgileri/1 -- Kullanıcı: memo
LOG SEVİYESİ : [32minfo[39m : KAYITLAR --> : İŞLEM ZAMANI : Aug-25-2023 12:55:16:  [GET] URL : /info? -- Kullanıcı: memo
LOG SEVİYESİ : [32minfo[39m : KAYITLAR --> : İŞLEM ZAMANI : Aug-25-2023 12:57:53:  [GET] URL : /logout? -- Kullanıcı: BİLİNMEYEN KULLANICI
LOG SEVİYESİ : [32minfo[39m : KAYITLAR --> : İŞLEM ZAMANI : Aug-25-2023 12:57:53:  [GET] URL : / -- Kullanıcı: BİLİNMEYEN KULLANICI
LOG SEVİYESİ : [32minfo[39m : KAYITLAR --> : İŞLEM ZAMANI : Aug-25-2023 12:57:54:  [POST] URL : / -- Kullanıcı: BİLİNMEYEN KULLANICI
LOG SEVİYESİ : [32minfo[39m : KAYITLAR --> : İŞLEM ZAMANI : Aug-25-2023 12:57:54:  [GET] URL : /ihale-bilgileri/1 -- Kullanıcı: memo
LOG SEVİYESİ : [32minfo[39m : KAYITLAR --> : İŞLEM ZAMANI : Aug-25-2023 12:57:55:  [GET] URL : /info? -- Kullanıcı: memo
LOG SEVİYESİ : [32minfo[39m : KAYITLAR --> : İŞLEM ZAMANI : Aug-25-2023 12:58:39:  [GET] URL : /logout? -- Kullanıcı: BİLİNMEYEN KULLANICI
LOG SEVİYESİ : [32minfo[39m : KAYITLAR --> : İŞLEM ZAMANI : Aug-25-2023 12:58:39:  [GET] URL : / -- Kullanıcı: BİLİNMEYEN KULLANICI
LOG SEVİYESİ : [32minfo[39m : KAYITLAR --> : İŞLEM ZAMANI : Aug-25-2023 12:58:40:  [POST] URL : / -- Kullanıcı: BİLİNMEYEN KULLANICI
LOG SEVİYESİ : [32minfo[39m : KAYITLAR --> : İŞLEM ZAMANI : Aug-25-2023 12:58:40:  [GET] URL : /ihale-bilgileri/1 -- Kullanıcı: memo
LOG SEVİYESİ : [32minfo[39m : KAYITLAR --> : İŞLEM ZAMANI : Aug-25-2023 12:58:41:  [GET] URL : /info? -- Kullanıcı: memo
LOG SEVİYESİ : [32minfo[39m : KAYITLAR --> : İŞLEM ZAMANI : Aug-25-2023 12:59:56:  [GET] URL : /logout? -- Kullanıcı: BİLİNMEYEN KULLANICI
LOG SEVİYESİ : [31merror[39m : KAYITLAR --> : İŞLEM ZAMANI : Aug-25-2023 12:59:56:  [GET] URL : /logout? -- Kullanıcı: BİLİNMEYEN KULLANICI
LOG SEVİYESİ : [32minfo[39m : KAYITLAR --> : İŞLEM ZAMANI : Aug-25-2023 12:59:56:  [GET] URL : / -- Kullanıcı: BİLİNMEYEN KULLANICI
LOG SEVİYESİ : [31merror[39m : KAYITLAR --> : İŞLEM ZAMANI : Aug-25-2023 12:59:56:  [GET] URL : / -- Kullanıcı: BİLİNMEYEN KULLANICI
LOG SEVİYESİ : [32minfo[39m : KAYITLAR --> : İŞLEM ZAMANI : Aug-25-2023 12:59:56:  [POST] URL : / -- Kullanıcı: BİLİNMEYEN KULLANICI
LOG SEVİYESİ : [31merror[39m : KAYITLAR --> : İŞLEM ZAMANI : Aug-25-2023 12:59:56:  [POST] URL : / -- Kullanıcı: BİLİNMEYEN KULLANICI
LOG SEVİYESİ : [32minfo[39m : KAYITLAR --> : İŞLEM ZAMANI : Aug-25-2023 12:59:57:  [GET] URL : /ihale-bilgileri/1 -- Kullanıcı: memo
LOG SEVİYESİ : [31merror[39m : KAYITLAR --> : İŞLEM ZAMANI : Aug-25-2023 12:59:57:  [GET] URL : /ihale-bilgileri/1 -- Kullanıcı: memo
LOG SEVİYESİ : [32minfo[39m : KAYITLAR --> : İŞLEM ZAMANI : Aug-25-2023 12:59:57:  [GET] URL : /info? -- Kullanıcı: memo
LOG SEVİYESİ : [31merror[39m : KAYITLAR --> : İŞLEM ZAMANI : Aug-25-2023 12:59:57:  [GET] URL : /info? -- Kullanıcı: memo
LOG SEVİYESİ : [32minfo[39m : KAYITLAR --> : İŞLEM ZAMANI : Aug-25-2023 12:59:59:  [GET] URL : /register? -- Kullanıcı: memo
LOG SEVİYESİ : [31merror[39m : KAYITLAR --> : İŞLEM ZAMANI : Aug-25-2023 12:59:59:  [GET] URL : /register? -- Kullanıcı: memo
LOG SEVİYESİ : [32minfo[39m : KAYITLAR --> : İŞLEM ZAMANI : Aug-25-2023 13:00:55:  [GET] URL : /register? -- Kullanıcı: BİLİNMEYEN KULLANICI
LOG SEVİYESİ : [31merror[39m : KAYITLAR --> : İŞLEM ZAMANI : Aug-25-2023 13:00:55:  [GET] URL : /register? -- Kullanıcı: BİLİNMEYEN KULLANICI
LOG SEVİYESİ : [32minfo[39m : KAYITLAR --> : İŞLEM ZAMANI : Aug-25-2023 13:00:57:  [GET] URL : /logout? -- Kullanıcı: BİLİNMEYEN KULLANICI
LOG SEVİYESİ : [31merror[39m : KAYITLAR --> : İŞLEM ZAMANI : Aug-25-2023 13:00:57:  [GET] URL : /logout? -- Kullanıcı: BİLİNMEYEN KULLANICI
LOG SEVİYESİ : [32minfo[39m : KAYITLAR --> : İŞLEM ZAMANI : Aug-25-2023 13:00:57:  [GET] URL : / -- Kullanıcı: BİLİNMEYEN KULLANICI
LOG SEVİYESİ : [31merror[39m : KAYITLAR --> : İŞLEM ZAMANI : Aug-25-2023 13:00:57:  [GET] URL : / -- Kullanıcı: BİLİNMEYEN KULLANICI
LOG SEVİYESİ : [32minfo[39m : KAYITLAR --> : İŞLEM ZAMANI : Aug-25-2023 13:01:16:  [POST] URL : / -- Kullanıcı: BİLİNMEYEN KULLANICI
LOG SEVİYESİ : [31merror[39m : KAYITLAR --> : İŞLEM ZAMANI : Aug-25-2023 13:01:16:  [POST] URL : / -- Kullanıcı: BİLİNMEYEN KULLANICI
LOG SEVİYESİ : [32minfo[39m : KAYITLAR --> : İŞLEM ZAMANI : Aug-25-2023 13:01:16:  [GET] URL : /ihale-bilgileri/1 -- Kullanıcı: memo
LOG SEVİYESİ : [31merror[39m : KAYITLAR --> : İŞLEM ZAMANI : Aug-25-2023 13:01:16:  [GET] URL : /ihale-bilgileri/1 -- Kullanıcı: memo
LOG SEVİYESİ : [32minfo[39m : KAYITLAR --> : İŞLEM ZAMANI : Aug-25-2023 13:02:27:  [GET] URL : /logout? -- Kullanıcı: BİLİNMEYEN KULLANICI
LOG SEVİYESİ : [31merror[39m : KAYITLAR --> : İŞLEM ZAMANI : Aug-25-2023 13:02:27:  [GET] URL : /logout? -- Kullanıcı: BİLİNMEYEN KULLANICI
LOG SEVİYESİ : [32minfo[39m : KAYITLAR --> : İŞLEM ZAMANI : Aug-25-2023 13:02:27:  [GET] URL : / -- Kullanıcı: BİLİNMEYEN KULLANICI
LOG SEVİYESİ : [31merror[39m : KAYITLAR --> : İŞLEM ZAMANI : Aug-25-2023 13:02:27:  [GET] URL : / -- Kullanıcı: BİLİNMEYEN KULLANICI
LOG SEVİYESİ : [32minfo[39m : KAYITLAR --> : İŞLEM ZAMANI : Aug-25-2023 13:02:33:  [POST] URL : / -- Kullanıcı: BİLİNMEYEN KULLANICI
LOG SEVİYESİ : [31merror[39m : KAYITLAR --> : İŞLEM ZAMANI : Aug-25-2023 13:02:33:  [POST] URL : / -- Kullanıcı: BİLİNMEYEN KULLANICI
LOG SEVİYESİ : [32minfo[39m : KAYITLAR --> : İŞLEM ZAMANI : Aug-25-2023 13:02:45:  [POST] URL : / -- Kullanıcı: BİLİNMEYEN KULLANICI
LOG SEVİYESİ : [31merror[39m : KAYITLAR --> : İŞLEM ZAMANI : Aug-25-2023 13:02:45:  [POST] URL : / -- Kullanıcı: BİLİNMEYEN KULLANICI
LOG SEVİYESİ : [32minfo[39m : KAYITLAR --> : İŞLEM ZAMANI : Aug-25-2023 13:04:03:  [POST] URL : / -- Kullanıcı: BİLİNMEYEN KULLANICI
LOG SEVİYESİ : [31merror[39m : KAYITLAR --> : İŞLEM ZAMANI : Aug-25-2023 13:04:03:  [POST] URL : / -- Kullanıcı: BİLİNMEYEN KULLANICI
LOG SEVİYESİ : [32minfo[39m : KAYITLAR --> : İŞLEM ZAMANI : Aug-25-2023 13:04:03:  [GET] URL : / -- Kullanıcı: BİLİNMEYEN KULLANICI
LOG SEVİYESİ : [31merror[39m : KAYITLAR --> : İŞLEM ZAMANI : Aug-25-2023 13:04:03:  [GET] URL : / -- Kullanıcı: BİLİNMEYEN KULLANICI
LOG SEVİYESİ : [32minfo[39m : KAYITLAR --> : İŞLEM ZAMANI : Aug-25-2023 13:04:06:  [GET] URL : / -- Kullanıcı: BİLİNMEYEN KULLANICI
LOG SEVİYESİ : [31merror[39m : KAYITLAR --> : İŞLEM ZAMANI : Aug-25-2023 13:04:06:  [GET] URL : / -- Kullanıcı: BİLİNMEYEN KULLANICI
LOG SEVİYESİ : [32minfo[39m : KAYITLAR --> : İŞLEM ZAMANI : Aug-25-2023 14:20:09:  [GET] URL : / -- Kullanıcı: BİLİNMEYEN KULLANICI
LOG SEVİYESİ : [32minfo[39m : KAYITLAR --> : İŞLEM ZAMANI : Aug-25-2023 14:20:12:  [POST] URL : / -- Kullanıcı: BİLİNMEYEN KULLANICI
LOG SEVİYESİ : [32minfo[39m : KAYITLAR --> : İŞLEM ZAMANI : Aug-25-2023 14:20:12:  [GET] URL : /ihale-bilgileri/1 -- Kullanıcı: memo
LOG SEVİYESİ : [32minfo[39m : KAYITLAR --> : İŞLEM ZAMANI : Aug-25-2023 14:20:12:  [GET] URL : /register? -- Kullanıcı: memo
LOG SEVİYESİ : [32minfo[39m : KAYITLAR --> : İŞLEM ZAMANI : Aug-25-2023 14:20:38:  [POST] URL : /register -- Kullanıcı: BİLİNMEYEN KULLANICI
LOG SEVİYESİ : [32minfo[39m : KAYITLAR --> : İŞLEM ZAMANI : Aug-25-2023 14:20:38:  [GET] URL : /register -- Kullanıcı: BİLİNMEYEN KULLANICI
LOG SEVİYESİ : [32minfo[39m : KAYITLAR --> : İŞLEM ZAMANI : Aug-25-2023 14:20:46:  [GET] URL : /logout? -- Kullanıcı: BİLİNMEYEN KULLANICI
LOG SEVİYESİ : [32minfo[39m : KAYITLAR --> : İŞLEM ZAMANI : Aug-25-2023 14:20:46:  [GET] URL : / -- Kullanıcı: BİLİNMEYEN KULLANICI
LOG SEVİYESİ : [32minfo[39m : KAYITLAR --> : İŞLEM ZAMANI : Aug-25-2023 14:21:03:  [POST] URL : / -- Kullanıcı: BİLİNMEYEN KULLANICI
LOG SEVİYESİ : [32minfo[39m : KAYITLAR --> : İŞLEM ZAMANI : Aug-25-2023 14:21:03:  [GET] URL : /ihale-bilgileri/1 -- Kullanıcı: memo
LOG SEVİYESİ : [32minfo[39m : KAYITLAR --> : İŞLEM ZAMANI : Aug-25-2023 14:21:04:  [GET] URL : /register? -- Kullanıcı: memo
LOG SEVİYESİ : [32minfo[39m : KAYITLAR --> : İŞLEM ZAMANI : Aug-25-2023 14:21:12:  [POST] URL : /register -- Kullanıcı: memo
LOG SEVİYESİ : [32minfo[39m : KAYITLAR --> : İŞLEM ZAMANI : Aug-25-2023 14:21:12:  [GET] URL : /register -- Kullanıcı: memo
LOG SEVİYESİ : [32minfo[39m : KAYITLAR --> : İŞLEM ZAMANI : Aug-25-2023 14:23:47:  [GET] URL : /info? -- Kullanıcı: BİLİNMEYEN KULLANICI
LOG SEVİYESİ : [32minfo[39m : KAYITLAR --> : İŞLEM ZAMANI : Aug-25-2023 14:23:49:  [GET] URL : /logout? -- Kullanıcı: BİLİNMEYEN KULLANICI
LOG SEVİYESİ : [32minfo[39m : KAYITLAR --> : İŞLEM ZAMANI : Aug-25-2023 14:23:49:  [GET] URL : / -- Kullanıcı: BİLİNMEYEN KULLANICI
LOG SEVİYESİ : [32minfo[39m : KAYITLAR --> : İŞLEM ZAMANI : Aug-25-2023 14:23:50:  [POST] URL : / -- Kullanıcı: BİLİNMEYEN KULLANICI
LOG SEVİYESİ : [32minfo[39m : KAYITLAR --> : İŞLEM ZAMANI : Aug-25-2023 14:23:50:  [GET] URL : /ihale-bilgileri/1 -- Kullanıcı: memo
LOG SEVİYESİ : [32minfo[39m : KAYITLAR --> : İŞLEM ZAMANI : Aug-25-2023 14:23:51:  [GET] URL : /register? -- Kullanıcı: memo
LOG SEVİYESİ : [32minfo[39m : KAYITLAR --> : İŞLEM ZAMANI : Aug-25-2023 14:24:00:  [POST] URL : /register -- Kullanıcı: memo
LOG SEVİYESİ : [32minfo[39m : KAYITLAR --> : İŞLEM ZAMANI : Aug-25-2023 14:28:04:  [GET] URL : /logout? -- Kullanıcı: BİLİNMEYEN KULLANICI
LOG SEVİYESİ : [32minfo[39m : KAYITLAR --> : İŞLEM ZAMANI : Aug-25-2023 14:28:04:  [GET] URL : / -- Kullanıcı: BİLİNMEYEN KULLANICI
LOG SEVİYESİ : [32minfo[39m : KAYITLAR --> : İŞLEM ZAMANI : Aug-25-2023 14:28:05:  [POST] URL : / -- Kullanıcı: BİLİNMEYEN KULLANICI
LOG SEVİYESİ : [32minfo[39m : KAYITLAR --> : İŞLEM ZAMANI : Aug-25-2023 14:28:05:  [GET] URL : /ihale-bilgileri/1 -- Kullanıcı: memo
LOG SEVİYESİ : [32minfo[39m : KAYITLAR --> : İŞLEM ZAMANI : Aug-25-2023 14:28:06:  [GET] URL : /register? -- Kullanıcı: memo
LOG SEVİYESİ : [32minfo[39m : KAYITLAR --> : İŞLEM ZAMANI : Aug-25-2023 14:28:15:  [POST] URL : /register -- Kullanıcı: memo
LOG SEVİYESİ : [32minfo[39m : KAYITLAR --> : İŞLEM ZAMANI : Aug-25-2023 14:29:36:  [GET] URL : /logout? -- Kullanıcı: BİLİNMEYEN KULLANICI
LOG SEVİYESİ : [32minfo[39m : KAYITLAR --> : İŞLEM ZAMANI : Aug-25-2023 14:29:36:  [GET] URL : / -- Kullanıcı: BİLİNMEYEN KULLANICI
LOG SEVİYESİ : [32minfo[39m : KAYITLAR --> : İŞLEM ZAMANI : Aug-25-2023 14:29:37:  [POST] URL : / -- Kullanıcı: BİLİNMEYEN KULLANICI
LOG SEVİYESİ : [32minfo[39m : KAYITLAR --> : İŞLEM ZAMANI : Aug-25-2023 14:29:37:  [GET] URL : /ihale-bilgileri/1 -- Kullanıcı: memo
LOG SEVİYESİ : [32minfo[39m : KAYITLAR --> : İŞLEM ZAMANI : Aug-25-2023 14:29:38:  [GET] URL : /register? -- Kullanıcı: memo
LOG SEVİYESİ : [32minfo[39m : KAYITLAR --> : İŞLEM ZAMANI : Aug-25-2023 14:29:46:  [POST] URL : /register -- Kullanıcı: memo
LOG SEVİYESİ : [32minfo[39m : KAYITLAR --> : İŞLEM ZAMANI : Aug-25-2023 14:29:46:  [GET] URL : /register -- Kullanıcı: memo
LOG SEVİYESİ : [32minfo[39m : KAYITLAR --> : İŞLEM ZAMANI : Aug-25-2023 14:31:51:  [GET] URL : /register -- Kullanıcı: BİLİNMEYEN KULLANICI
LOG SEVİYESİ : [32minfo[39m : KAYITLAR --> : İŞLEM ZAMANI : Aug-25-2023 14:32:06:  [POST] URL : /register -- Kullanıcı: BİLİNMEYEN KULLANICI
LOG SEVİYESİ : [32minfo[39m : KAYITLAR --> : İŞLEM ZAMANI : Aug-25-2023 14:32:07:  [GET] URL : /register -- Kullanıcı: BİLİNMEYEN KULLANICI
LOG SEVİYESİ : [32minfo[39m : KAYITLAR --> : İŞLEM ZAMANI : Aug-25-2023 14:32:56:  [GET] URL : /register -- Kullanıcı: BİLİNMEYEN KULLANICI
LOG SEVİYESİ : [32minfo[39m : KAYITLAR --> : İŞLEM ZAMANI : Aug-25-2023 14:33:06:  [POST] URL : /register -- Kullanıcı: BİLİNMEYEN KULLANICI
LOG SEVİYESİ : [32minfo[39m : KAYITLAR --> : İŞLEM ZAMANI : Aug-25-2023 14:33:06:  [GET] URL : /register -- Kullanıcı: BİLİNMEYEN KULLANICI
LOG SEVİYESİ : [32minfo[39m : KAYITLAR --> : İŞLEM ZAMANI : Aug-25-2023 14:34:03:  [POST] URL : /register -- Kullanıcı: BİLİNMEYEN KULLANICI
LOG SEVİYESİ : [32minfo[39m : KAYITLAR --> : İŞLEM ZAMANI : Aug-25-2023 14:34:03:  [GET] URL : /register -- Kullanıcı: BİLİNMEYEN KULLANICI
LOG SEVİYESİ : [32minfo[39m : KAYITLAR --> : İŞLEM ZAMANI : Aug-25-2023 14:37:41:  [POST] URL : /register -- Kullanıcı: BİLİNMEYEN KULLANICI
LOG SEVİYESİ : [32minfo[39m : KAYITLAR --> : İŞLEM ZAMANI : Aug-25-2023 14:37:41:  [GET] URL : /register -- Kullanıcı: BİLİNMEYEN KULLANICI
LOG SEVİYESİ : [32minfo[39m : KAYITLAR --> : İŞLEM ZAMANI : Aug-25-2023 14:38:51:  [POST] URL : /register -- Kullanıcı: BİLİNMEYEN KULLANICI
LOG SEVİYESİ : [32minfo[39m : KAYITLAR --> : İŞLEM ZAMANI : Aug-25-2023 14:38:51:  [GET] URL : /register -- Kullanıcı: BİLİNMEYEN KULLANICI
LOG SEVİYESİ : [32minfo[39m : KAYITLAR --> : İŞLEM ZAMANI : Aug-25-2023 14:39:03:  [POST] URL : /register -- Kullanıcı: BİLİNMEYEN KULLANICI
LOG SEVİYESİ : [32minfo[39m : KAYITLAR --> : İŞLEM ZAMANI : Aug-25-2023 14:39:03:  [GET] URL : /register -- Kullanıcı: BİLİNMEYEN KULLANICI
LOG SEVİYESİ : [32minfo[39m : KAYITLAR --> : İŞLEM ZAMANI : Aug-25-2023 14:39:13:  [POST] URL : /register -- Kullanıcı: BİLİNMEYEN KULLANICI
LOG SEVİYESİ : [32minfo[39m : KAYITLAR --> : İŞLEM ZAMANI : Aug-25-2023 14:39:13:  [GET] URL : /register -- Kullanıcı: BİLİNMEYEN KULLANICI
LOG SEVİYESİ : [32minfo[39m : KAYITLAR --> : İŞLEM ZAMANI : Aug-25-2023 14:39:17:  [GET] URL : /logout? -- Kullanıcı: BİLİNMEYEN KULLANICI
LOG SEVİYESİ : [32minfo[39m : KAYITLAR --> : İŞLEM ZAMANI : Aug-25-2023 14:39:17:  [GET] URL : / -- Kullanıcı: BİLİNMEYEN KULLANICI
LOG SEVİYESİ : [32minfo[39m : KAYITLAR --> : İŞLEM ZAMANI : Aug-25-2023 14:39:20:  [POST] URL : / -- Kullanıcı: BİLİNMEYEN KULLANICI
LOG SEVİYESİ : [32minfo[39m : KAYITLAR --> : İŞLEM ZAMANI : Aug-25-2023 14:39:20:  [GET] URL : /ihale-bilgileri/1 -- Kullanıcı: memo
LOG SEVİYESİ : [32minfo[39m : KAYITLAR --> : İŞLEM ZAMANI : Aug-25-2023 14:39:21:  [GET] URL : /register? -- Kullanıcı: memo
LOG SEVİYESİ : [32minfo[39m : KAYITLAR --> : İŞLEM ZAMANI : Aug-25-2023 14:39:33:  [POST] URL : /register -- Kullanıcı: memo
LOG SEVİYESİ : [32minfo[39m : KAYITLAR --> : İŞLEM ZAMANI : Aug-25-2023 14:39:34:  [GET] URL : /register -- Kullanıcı: memo
LOG SEVİYESİ : info : KAYITLAR --> : İŞLEM ZAMANI : Aug-25-2023 14:40:10:  [GET] URL : /logout? -- Kullanıcı: BİLİNMEYEN KULLANICI
LOG SEVİYESİ : info : KAYITLAR --> : İŞLEM ZAMANI : Aug-25-2023 14:40:10:  [GET] URL : / -- Kullanıcı: BİLİNMEYEN KULLANICI
LOG SEVİYESİ : info : KAYITLAR --> : İŞLEM ZAMANI : Aug-25-2023 14:40:16:  [POST] URL : / -- Kullanıcı: BİLİNMEYEN KULLANICI
LOG SEVİYESİ : info : KAYITLAR --> : İŞLEM ZAMANI : Aug-25-2023 14:40:16:  [GET] URL : /ihale-bilgileri/1 -- Kullanıcı: memo
LOG SEVİYESİ : info : KAYITLAR --> : İŞLEM ZAMANI : Aug-25-2023 14:41:34:  [GET] URL : /logout? -- Kullanıcı: memo
LOG SEVİYESİ : info : KAYITLAR --> : İŞLEM ZAMANI : Aug-25-2023 14:41:34:  [GET] URL : / -- Kullanıcı: BİLİNMEYEN KULLANICI
LOG SEVİYESİ : info : KAYITLAR --> : İŞLEM ZAMANI : Aug-25-2023 14:41:46:  [GET] URL : / -- Kullanıcı: BİLİNMEYEN KULLANICI
LOG SEVİYESİ : info : KAYITLAR --> : İŞLEM ZAMANI : Aug-25-2023 14:41:50:  [GET] URL : / -- Kullanıcı: BİLİNMEYEN KULLANICI
LOG SEVİYESİ : info : KAYITLAR --> : İŞLEM ZAMANI : Aug-25-2023 14:41:51:  [POST] URL : / -- Kullanıcı: BİLİNMEYEN KULLANICI
LOG SEVİYESİ : info : KAYITLAR --> : İŞLEM ZAMANI : Aug-25-2023 14:41:51:  [GET] URL : /ihale-bilgileri/1 -- Kullanıcı: memo
LOG SEVİYESİ : info : KAYITLAR --> : İŞLEM ZAMANI : Aug-25-2023 14:41:52:  [GET] URL : /info? -- Kullanıcı: memo
LOG SEVİYESİ : info : KAYITLAR --> : İŞLEM ZAMANI : Aug-25-2023 14:41:55:  [GET] URL : /info? -- Kullanıcı: memo
LOG SEVİYESİ : info : KAYITLAR --> : İŞLEM ZAMANI : Aug-25-2023 14:41:57:  [GET] URL : /register? -- Kullanıcı: memo
LOG SEVİYESİ : info : KAYITLAR --> : İŞLEM ZAMANI : Aug-25-2023 14:41:58:  [GET] URL : /info? -- Kullanıcı: memo
LOG SEVİYESİ : info : KAYITLAR --> : İŞLEM ZAMANI : Aug-25-2023 14:42:48:  [GET] URL : /logout? -- Kullanıcı: memo
LOG SEVİYESİ : info : KAYITLAR --> : İŞLEM ZAMANI : Aug-25-2023 14:42:48:  [GET] URL : / -- Kullanıcı: BİLİNMEYEN KULLANICI
LOG SEVİYESİ : info : KAYITLAR --> : İŞLEM ZAMANI : Aug-25-2023 14:42:56:  [POST] URL : / -- Kullanıcı: BİLİNMEYEN KULLANICI
LOG SEVİYESİ : info : KAYITLAR --> : İŞLEM ZAMANI : Aug-25-2023 14:42:56:  [GET] URL : /ihale-bilgileri/1 -- Kullanıcı: memo
LOG SEVİYESİ : info : KAYITLAR --> : İŞLEM ZAMANI : Aug-25-2023 14:43:42:  [GET] URL : /ihale-bilgileri/1 -- Kullanıcı: memo
LOG SEVİYESİ : info : KAYITLAR --> : İŞLEM ZAMANI : Aug-25-2023 14:43:47:  [GET] URL : /ihale-bilgileri/1 -- Kullanıcı: memo
LOG SEVİYESİ : info : KAYITLAR --> : İŞLEM ZAMANI : Aug-25-2023 14:44:11:  [GET] URL : /ihale-bilgileri/1 -- Kullanıcı: memo
LOG SEVİYESİ : info : KAYITLAR --> : İŞLEM ZAMANI : Aug-25-2023 14:44:20:  [GET] URL : /info? -- Kullanıcı: memo
LOG SEVİYESİ : info : KAYITLAR --> : İŞLEM ZAMANI : Aug-25-2023 14:44:23:  [GET] URL : /register? -- Kullanıcı: memo
LOG SEVİYESİ : info : KAYITLAR --> : İŞLEM ZAMANI : Aug-25-2023 14:44:25:  [GET] URL : /logout? -- Kullanıcı: memo
LOG SEVİYESİ : info : KAYITLAR --> : İŞLEM ZAMANI : Aug-25-2023 14:44:25:  [GET] URL : / -- Kullanıcı: BİLİNMEYEN KULLANICI
LOG SEVİYESİ : info : KAYITLAR --> : İŞLEM ZAMANI : Aug-25-2023 14:44:30:  [POST] URL : / -- Kullanıcı: BİLİNMEYEN KULLANICI
LOG SEVİYESİ : info : KAYITLAR --> : İŞLEM ZAMANI : Aug-25-2023 14:44:30:  [GET] URL : /userHome/1 -- Kullanıcı: memo4
LOG SEVİYESİ : info : KAYITLAR --> : İŞLEM ZAMANI : Aug-25-2023 14:44:30:  [GET] URL : /userHome/path_to_custom_arrow_icon.png -- Kullanıcı: memo4
LOG SEVİYESİ : info : KAYITLAR --> : İŞLEM ZAMANI : Aug-25-2023 14:44:53:  [GET] URL : /userHome/1 -- Kullanıcı: memo4
LOG SEVİYESİ : info : KAYITLAR --> : İŞLEM ZAMANI : Aug-25-2023 14:44:53:  [GET] URL : /userHome/path_to_custom_arrow_icon.png -- Kullanıcı: memo4
LOG SEVİYESİ : info : KAYITLAR --> : İŞLEM ZAMANI : Aug-25-2023 14:44:56:  [GET] URL : /logout? -- Kullanıcı: memo4
LOG SEVİYESİ : info : KAYITLAR --> : İŞLEM ZAMANI : Aug-25-2023 14:44:56:  [GET] URL : / -- Kullanıcı: BİLİNMEYEN KULLANICI
LOG SEVİYESİ : info : KAYITLAR --> : İŞLEM ZAMANI : Aug-25-2023 14:57:02:  [POST] URL : / -- Kullanıcı: BİLİNMEYEN KULLANICI
LOG SEVİYESİ : info : KAYITLAR --> : İŞLEM ZAMANI : Aug-25-2023 14:57:02:  [GET] URL : /ihale-bilgileri/1 -- Kullanıcı: memo
LOG SEVİYESİ : info : KAYITLAR --> : İŞLEM ZAMANI : Aug-25-2023 14:57:04:  [GET] URL : /register? -- Kullanıcı: memo
LOG SEVİYESİ : info : KAYITLAR --> : İŞLEM ZAMANI : Aug-25-2023 14:57:31:  [POST] URL : /register -- Kullanıcı: memo
LOG SEVİYESİ : info : KAYITLAR --> : İŞLEM ZAMANI : Aug-25-2023 14:57:31:  [GET] URL : /register -- Kullanıcı: memo
LOG SEVİYESİ : info : KAYITLAR --> : İŞLEM ZAMANI : Aug-25-2023 14:59:02:  [POST] URL : /register -- Kullanıcı: memo
LOG SEVİYESİ : info : KAYITLAR --> : İŞLEM ZAMANI : Aug-25-2023 14:59:02:  [GET] URL : /register -- Kullanıcı: memo
LOG SEVİYESİ : info : KAYITLAR --> : İŞLEM ZAMANI : Aug-25-2023 14:59:31:  [POST] URL : /register -- Kullanıcı: BİLİNMEYEN KULLANICI
LOG SEVİYESİ : info : KAYITLAR --> : İŞLEM ZAMANI : Aug-25-2023 15:17:25:  [POST] URL : /register -- Kullanıcı: BİLİNMEYEN KULLANICI
LOG SEVİYESİ : info : KAYITLAR --> : İŞLEM ZAMANI : Aug-25-2023 15:17:25:  [GET] URL : /register -- Kullanıcı: BİLİNMEYEN KULLANICI
LOG SEVİYESİ : info : KAYITLAR --> : İŞLEM ZAMANI : Aug-25-2023 15:18:39:  [GET] URL : /info? -- Kullanıcı: BİLİNMEYEN KULLANICI
LOG SEVİYESİ : info : KAYITLAR --> : İŞLEM ZAMANI : Aug-25-2023 15:18:45:  [GET] URL : /info? -- Kullanıcı: BİLİNMEYEN KULLANICI
LOG SEVİYESİ : info : KAYITLAR --> : İŞLEM ZAMANI : Aug-25-2023 15:18:50:  [GET] URL : /logout? -- Kullanıcı: BİLİNMEYEN KULLANICI
LOG SEVİYESİ : info : KAYITLAR --> : İŞLEM ZAMANI : Aug-25-2023 15:18:50:  [GET] URL : / -- Kullanıcı: BİLİNMEYEN KULLANICI
LOG SEVİYESİ : info : KAYITLAR --> : İŞLEM ZAMANI : Aug-25-2023 15:18:55:  [POST] URL : / -- Kullanıcı: BİLİNMEYEN KULLANICI
LOG SEVİYESİ : info : KAYITLAR --> : İŞLEM ZAMANI : Aug-25-2023 15:18:55:  [GET] URL : /ihale-bilgileri/1 -- Kullanıcı: memo
LOG SEVİYESİ : info : KAYITLAR --> : İŞLEM ZAMANI : Aug-25-2023 15:18:57:  [GET] URL : /info? -- Kullanıcı: memo
LOG SEVİYESİ : info : KAYITLAR --> : İŞLEM ZAMANI : Aug-25-2023 15:19:01:  [GET] URL : /register? -- Kullanıcı: memo
LOG SEVİYESİ : info : KAYITLAR --> : İŞLEM ZAMANI : Aug-25-2023 15:19:02:  [GET] URL : /info? -- Kullanıcı: memo
LOG SEVİYESİ : info : KAYITLAR --> : İŞLEM ZAMANI : Aug-25-2023 15:19:04:  [GET] URL : /register? -- Kullanıcı: memo
LOG SEVİYESİ : info : KAYITLAR --> : İŞLEM ZAMANI : Aug-25-2023 15:19:13:  [POST] URL : /register -- Kullanıcı: memo
LOG SEVİYESİ : info : KAYITLAR --> : İŞLEM ZAMANI : Aug-25-2023 15:19:13:  [GET] URL : /register -- Kullanıcı: memo
LOG SEVİYESİ : info : KAYITLAR --> : İŞLEM ZAMANI : Aug-25-2023 15:19:19:  [GET] URL : /info? -- Kullanıcı: memo
